[debug] [2020-04-08T18:59:33.759Z] ----------------------------------------------------------------------
[debug] [2020-04-08T18:59:33.761Z] Command:       /usr/local/Cellar/node/12.6.0/bin/node /usr/local/bin/firebase serve --only hosting
[debug] [2020-04-08T18:59:33.761Z] CLI Version:   8.0.2
[debug] [2020-04-08T18:59:33.761Z] Platform:      darwin
[debug] [2020-04-08T18:59:33.761Z] Node Version:  v12.6.0
[debug] [2020-04-08T18:59:33.762Z] Time:          Wed Apr 08 2020 14:59:33 GMT-0400 (Eastern Daylight Time)
[debug] [2020-04-08T18:59:33.762Z] ----------------------------------------------------------------------
[debug] [2020-04-08T18:59:33.762Z] 
[debug] [2020-04-08T18:59:33.769Z] > command requires scopes: ["email","openid","https://www.googleapis.com/auth/cloudplatformprojects.readonly","https://www.googleapis.com/auth/firebase","https://www.googleapis.com/auth/cloud-platform"]
[debug] [2020-04-08T18:59:33.769Z] > authorizing via signed-in user
[debug] [2020-04-08T18:59:33.769Z] [iam] checking project lehigh-csb-capstone for permissions ["firebase.projects.get"]
[debug] [2020-04-08T18:59:33.772Z] >>> HTTP REQUEST POST https://cloudresourcemanager.googleapis.com/v1/projects/lehigh-csb-capstone:testIamPermissions  
 {"permissions":["firebase.projects.get"]}
[debug] [2020-04-08T18:59:33.913Z] <<< HTTP RESPONSE 200 {"content-type":"application/json; charset=UTF-8","vary":"X-Origin, Referer, Origin,Accept-Encoding","date":"Wed, 08 Apr 2020 18:59:33 GMT","server":"ESF","cache-control":"private","x-xss-protection":"0","x-frame-options":"SAMEORIGIN","x-content-type-options":"nosniff","server-timing":"gfet4t7; dur=47","alt-svc":"quic=\":443\"; ma=2592000; v=\"46,43\",h3-Q050=\":443\"; ma=2592000,h3-Q049=\":443\"; ma=2592000,h3-Q048=\":443\"; ma=2592000,h3-Q046=\":443\"; ma=2592000,h3-Q043=\":443\"; ma=2592000,h3-T050=\":443\"; ma=2592000","accept-ranges":"none","transfer-encoding":"chunked"}
[debug] [2020-04-08T18:59:33.915Z] >>> HTTP REQUEST GET https://firebase.googleapis.com/v1beta1/projects/lehigh-csb-capstone  
 
[debug] [2020-04-08T18:59:34.166Z] <<< HTTP RESPONSE 200 {"content-type":"application/json; charset=UTF-8","vary":"X-Origin, Referer, Origin,Accept-Encoding","date":"Wed, 08 Apr 2020 18:59:34 GMT","server":"ESF","cache-control":"private","x-xss-protection":"0","x-frame-options":"SAMEORIGIN","x-content-type-options":"nosniff","alt-svc":"quic=\":443\"; ma=2592000; v=\"46,43\",h3-Q050=\":443\"; ma=2592000,h3-Q049=\":443\"; ma=2592000,h3-Q048=\":443\"; ma=2592000,h3-Q046=\":443\"; ma=2592000,h3-Q043=\":443\"; ma=2592000,h3-T050=\":443\"; ma=2592000","accept-ranges":"none","transfer-encoding":"chunked"}
[debug] [2020-04-08T18:59:34.168Z] >>> HTTP REQUEST GET https://firebase.googleapis.com/v1beta1/projects/lehigh-csb-capstone/webApps/-/config  
 
[debug] [2020-04-08T18:59:34.734Z] <<< HTTP RESPONSE 200 {"content-type":"application/json; charset=UTF-8","vary":"X-Origin, Referer, Origin,Accept-Encoding","date":"Wed, 08 Apr 2020 18:59:34 GMT","server":"ESF","cache-control":"private","x-xss-protection":"0","x-frame-options":"SAMEORIGIN","x-content-type-options":"nosniff","alt-svc":"quic=\":443\"; ma=2592000; v=\"46,43\",h3-Q050=\":443\"; ma=2592000,h3-Q049=\":443\"; ma=2592000,h3-Q048=\":443\"; ma=2592000,h3-Q046=\":443\"; ma=2592000,h3-Q043=\":443\"; ma=2592000,h3-T050=\":443\"; ma=2592000","accept-ranges":"none","transfer-encoding":"chunked"}
[info] i  hosting: Serving hosting files from: public
[info] ✔  hosting: Local server: http://localhost:5000
[debug] [2020-04-11T19:03:05.610Z] ----------------------------------------------------------------------
[debug] [2020-04-11T19:03:05.612Z] Command:       /usr/local/Cellar/node/12.6.0/bin/node /usr/local/bin/firebase serve
[debug] [2020-04-11T19:03:05.612Z] CLI Version:   8.0.2
[debug] [2020-04-11T19:03:05.612Z] Platform:      darwin
[debug] [2020-04-11T19:03:05.612Z] Node Version:  v12.6.0
[debug] [2020-04-11T19:03:05.613Z] Time:          Sat Apr 11 2020 15:03:05 GMT-0400 (Eastern Daylight Time)
[debug] [2020-04-11T19:03:05.613Z] ----------------------------------------------------------------------
[debug] [2020-04-11T19:03:05.613Z] 
[debug] [2020-04-11T19:03:05.627Z] > command requires scopes: ["email","openid","https://www.googleapis.com/auth/cloudplatformprojects.readonly","https://www.googleapis.com/auth/firebase","https://www.googleapis.com/auth/cloud-platform"]
[debug] [2020-04-11T19:03:05.628Z] > authorizing via signed-in user
[debug] [2020-04-11T19:03:05.628Z] [iam] checking project lehigh-csb-capstone for permissions ["firebase.projects.get"]
[debug] [2020-04-11T19:03:05.630Z] > refreshing access token with scopes: ["email","https://www.googleapis.com/auth/cloud-platform","https://www.googleapis.com/auth/cloudplatformprojects.readonly","https://www.googleapis.com/auth/firebase","openid"]
[debug] [2020-04-11T19:03:05.630Z] >>> HTTP REQUEST POST https://www.googleapis.com/oauth2/v3/token  
 <request body omitted>
[debug] [2020-04-11T19:03:05.774Z] <<< HTTP RESPONSE 200 {"content-type":"application/json; charset=utf-8","vary":"X-Origin, Referer, Origin,Accept-Encoding","date":"Sat, 11 Apr 2020 19:03:05 GMT","server":"scaffolding on HTTPServer2","cache-control":"private","x-xss-protection":"0","x-frame-options":"SAMEORIGIN","x-content-type-options":"nosniff","alt-svc":"quic=\":443\"; ma=2592000; v=\"46,43\",h3-Q050=\":443\"; ma=2592000,h3-Q049=\":443\"; ma=2592000,h3-Q048=\":443\"; ma=2592000,h3-Q046=\":443\"; ma=2592000,h3-Q043=\":443\"; ma=2592000,h3-T050=\":443\"; ma=2592000","accept-ranges":"none","transfer-encoding":"chunked"}
[debug] [2020-04-11T19:03:05.809Z] >>> HTTP REQUEST POST https://cloudresourcemanager.googleapis.com/v1/projects/lehigh-csb-capstone:testIamPermissions  
 {"permissions":["firebase.projects.get"]}
[debug] [2020-04-11T19:03:06.084Z] <<< HTTP RESPONSE 200 {"content-type":"application/json; charset=UTF-8","vary":"X-Origin, Referer, Origin,Accept-Encoding","date":"Sat, 11 Apr 2020 19:03:06 GMT","server":"ESF","cache-control":"private","x-xss-protection":"0","x-frame-options":"SAMEORIGIN","x-content-type-options":"nosniff","server-timing":"gfet4t7; dur=168","alt-svc":"quic=\":443\"; ma=2592000; v=\"46,43\",h3-Q050=\":443\"; ma=2592000,h3-Q049=\":443\"; ma=2592000,h3-Q048=\":443\"; ma=2592000,h3-Q046=\":443\"; ma=2592000,h3-Q043=\":443\"; ma=2592000,h3-T050=\":443\"; ma=2592000","accept-ranges":"none","transfer-encoding":"chunked"}
[debug] [2020-04-11T19:03:06.085Z] >>> HTTP REQUEST GET https://firebase.googleapis.com/v1beta1/projects/lehigh-csb-capstone  
 
[debug] [2020-04-11T19:03:06.354Z] <<< HTTP RESPONSE 200 {"content-type":"application/json; charset=UTF-8","vary":"X-Origin, Referer, Origin,Accept-Encoding","date":"Sat, 11 Apr 2020 19:03:06 GMT","server":"ESF","cache-control":"private","x-xss-protection":"0","x-frame-options":"SAMEORIGIN","x-content-type-options":"nosniff","alt-svc":"quic=\":443\"; ma=2592000; v=\"46,43\",h3-Q050=\":443\"; ma=2592000,h3-Q049=\":443\"; ma=2592000,h3-Q048=\":443\"; ma=2592000,h3-Q046=\":443\"; ma=2592000,h3-Q043=\":443\"; ma=2592000,h3-T050=\":443\"; ma=2592000","accept-ranges":"none","transfer-encoding":"chunked"}
[info] 
[info] === Serving from '/Users/jessekardas/Desktop/Capstone-Splash-Page-master'...
[info] 
[debug] [2020-04-11T19:03:06.358Z] >>> HTTP REQUEST GET https://firebase.googleapis.com/v1beta1/projects/lehigh-csb-capstone/webApps/-/config  
 
[debug] [2020-04-11T19:03:06.947Z] <<< HTTP RESPONSE 200 {"content-type":"application/json; charset=UTF-8","vary":"X-Origin, Referer, Origin,Accept-Encoding","date":"Sat, 11 Apr 2020 19:03:06 GMT","server":"ESF","cache-control":"private","x-xss-protection":"0","x-frame-options":"SAMEORIGIN","x-content-type-options":"nosniff","alt-svc":"quic=\":443\"; ma=2592000; v=\"46,43\",h3-Q050=\":443\"; ma=2592000,h3-Q049=\":443\"; ma=2592000,h3-Q048=\":443\"; ma=2592000,h3-Q046=\":443\"; ma=2592000,h3-Q043=\":443\"; ma=2592000,h3-T050=\":443\"; ma=2592000","accept-ranges":"none","transfer-encoding":"chunked"}
[info] i  hosting[lehigh-csb-capstone]: Serving hosting files from: public
[info] ✔  hosting[lehigh-csb-capstone]: Local server: http://localhost:5000
